<?xml version="1.0" encoding="UTF-8"?>
<!-- Generated by org.testng.reporters.JUnitXMLReporter -->
<testsuite hostname="Siddharth-PC" ignored="0" name="Default test" tests="5" failures="0" timestamp="05 Feb 2021 14:35:24 GMT" time="122.913" errors="0">
  <testcase name="clickOnContextAndSelectCheesecake" time="6.718" classname="com.b1.testcases.ReviewFeed_Regress_PageTest"/>
  <testcase name="clickOnReviews" time="10.396" classname="com.b1.testcases.ReviewFeed_Regress_PageTest"/>
  <testcase name="C2277_VerifyEmail_ReviewSummary_Test" time="37.109" classname="com.b1.testcases.ReviewFeed_Regress_PageTest"/>
  <testcase name="C2278_VerifyEmail_ResponseReminder_Test" time="35.689" classname="com.b1.testcases.ReviewFeed_Regress_PageTest"/>
  <testcase name="C2281_VerifyShareReview" time="12.9" classname="com.b1.testcases.ReviewFeed_Regress_PageTest"/>
</testsuite> <!-- Default test -->
